<?xml version="1.0" encoding="UTF-8"?>
<!-- Generated by org.testng.reporters.JUnitXMLReporter -->
<testsuite ignored="0" hostname="BOOK-4QTRLAP57K" failures="0" tests="5" name="ChromeTest" time="14.413" errors="0" timestamp="2025-05-06T12:13:13 IST">
  <testcase classname="sevenMartPackage.HomePageTest" name="goToHomePageAndLogOut" time="0.75">
    <skipped/>
  </testcase> <!-- goToHomePageAndLogOut -->
  <testcase classname="sevenMartPackage.ManageNewsTest" name="addNewsInManageNewsModule" time="0.827">
    <skipped/>
  </testcase> <!-- addNewsInManageNewsModule -->
  <testcase classname="sevenMartPackage.HomePageTest" name="goToHomePageAndLogOut" time="2.62"/>
  <testcase classname="sevenMartPackage.ManageNewsTest" name="addNewsInManageNewsModule" time="3.002"/>
  <testcase classname="sevenMartPackage.ManageNewsTest" name="searchAnyNews" time="2.986"/>
</testsuite> <!-- ChromeTest -->
