<?xml version="1.0" encoding="UTF-8"?>
<!-- Generated by org.testng.reporters.JUnitXMLReporter -->
<testsuite ignored="0" hostname="BOOK-4QTRLAP57K" failures="3" tests="7" name="ChromeTest" time="9.943" errors="0" timestamp="2025-05-07T07:41:50 IST">
  <testcase classname="sevenMartPackage.HomePageTest" name="goToHomePageAndLogOut" time="0.033">
    <skipped/>
  </testcase> <!-- goToHomePageAndLogOut -->
  <testcase classname="sevenMartPackage.ManageNewsTest" name="addNewsInManageNewsModule" time="0.002">
    <skipped/>
  </testcase> <!-- addNewsInManageNewsModule -->
  <testcase classname="sevenMartPackage.ManageNewsTest" name="addNewsInManageNewsModule" time="0.002">
    <skipped/>
  </testcase> <!-- addNewsInManageNewsModule -->
  <testcase classname="sevenMartPackage.HomePageTest" name="goToHomePageAndLogOut" time="0.006">
    <skipped/>
  </testcase> <!-- goToHomePageAndLogOut -->
  <testcase classname="sevenMartPackage.ManageNewsTest" name="addNewsInManageNewsModule" time="0.003">
    <failure type="java.io.FileNotFoundException" message="C:\Users\shanu\eclipse-workspace\7rMartSupermarketProject\src\test\resources\TestData.xlsx (The system cannot find the path specified)">
      <![CDATA[java.io.FileNotFoundException: C:\Users\shanu\eclipse-workspace\7rMartSupermarketProject\src\test\resources\TestData.xlsx (The system cannot find the path specified)
at java.base/java.io.FileInputStream.open0(Native Method)
at java.base/java.io.FileInputStream.open(FileInputStream.java:219)
at java.base/java.io.FileInputStream.<init>(FileInputStream.java:159)
at java.base/java.io.FileInputStream.<init>(FileInputStream.java:112)
at utilities.ExcelUtility.getStringData(ExcelUtility.java:17)
at sevenMartPackage.ManageNewsTest.addNewsInManageNewsModule(ManageNewsTest.java:21)
at java.base/java.util.concurrent.ThreadPoolExecutor.runWorker(ThreadPoolExecutor.java:1144)
at java.base/java.util.concurrent.ThreadPoolExecutor$Worker.run(ThreadPoolExecutor.java:642)
at java.base/java.lang.Thread.run(Thread.java:1575)
... Removed 10 stack frames]]>
    </failure>
  </testcase> <!-- addNewsInManageNewsModule -->
  <testcase classname="sevenMartPackage.HomePageTest" name="goToHomePageAndLogOut" time="0.005">
    <failure type="java.io.FileNotFoundException" message="C:\Users\shanu\eclipse-workspace\7rMartSupermarketProject\src\test\resources\TestData.xlsx (The system cannot find the path specified)">
      <![CDATA[java.io.FileNotFoundException: C:\Users\shanu\eclipse-workspace\7rMartSupermarketProject\src\test\resources\TestData.xlsx (The system cannot find the path specified)
at java.base/java.io.FileInputStream.open0(Native Method)
at java.base/java.io.FileInputStream.open(FileInputStream.java:219)
at java.base/java.io.FileInputStream.<init>(FileInputStream.java:159)
at java.base/java.io.FileInputStream.<init>(FileInputStream.java:112)
at utilities.ExcelUtility.getStringData(ExcelUtility.java:17)
at sevenMartPackage.HomePageTest.goToHomePageAndLogOut(HomePageTest.java:20)
at java.base/java.util.concurrent.ThreadPoolExecutor.runWorker(ThreadPoolExecutor.java:1144)
at java.base/java.util.concurrent.ThreadPoolExecutor$Worker.run(ThreadPoolExecutor.java:642)
at java.base/java.lang.Thread.run(Thread.java:1575)
... Removed 10 stack frames]]>
    </failure>
  </testcase> <!-- goToHomePageAndLogOut -->
  <testcase classname="sevenMartPackage.ManageNewsTest" name="searchAnyNews" time="0.015">
    <failure type="java.io.FileNotFoundException" message="C:\Users\shanu\eclipse-workspace\7rMartSupermarketProject\src\test\resources\TestData.xlsx (The system cannot find the path specified)">
      <![CDATA[java.io.FileNotFoundException: C:\Users\shanu\eclipse-workspace\7rMartSupermarketProject\src\test\resources\TestData.xlsx (The system cannot find the path specified)
at java.base/java.io.FileInputStream.open0(Native Method)
at java.base/java.io.FileInputStream.open(FileInputStream.java:219)
at java.base/java.io.FileInputStream.<init>(FileInputStream.java:159)
at java.base/java.io.FileInputStream.<init>(FileInputStream.java:112)
at utilities.ExcelUtility.getStringData(ExcelUtility.java:17)
at sevenMartPackage.ManageNewsTest.searchAnyNews(ManageNewsTest.java:45)
at java.base/java.util.concurrent.ThreadPoolExecutor.runWorker(ThreadPoolExecutor.java:1144)
at java.base/java.util.concurrent.ThreadPoolExecutor$Worker.run(ThreadPoolExecutor.java:642)
at java.base/java.lang.Thread.run(Thread.java:1575)
... Removed 10 stack frames]]>
    </failure>
  </testcase> <!-- searchAnyNews -->
</testsuite> <!-- ChromeTest -->
