<?xml version="1.0" encoding="UTF-8"?>
<!-- Generated by org.testng.reporters.JUnitXMLReporter -->
<testsuite ignored="1" hostname="BOOK-4QTRLAP57K" failures="0" tests="1" name="ChromeTest" time="6.259" errors="0" timestamp="2025-05-08T05:49:45 IST">
  <testcase classname="sevenMartPackage.ManageNewsTest" name="addNewsInManageNewsModule" time="3.848"/>
  <testcase classname="sevenMartPackage.ManageNewsTest" name="searchAnyNews" time="0.0">
    <ignored/>
  </testcase> <!-- searchAnyNews -->
</testsuite> <!-- ChromeTest -->
