<?xml version="1.0" encoding="UTF-8"?>
<!-- Generated by org.testng.reporters.JUnitXMLReporter -->
<testsuite ignored="2" hostname="BOOK-4QTRLAP57K" failures="0" tests="1" name="ChromeTest" time="5.779" errors="0" timestamp="2025-05-09T11:42:42 IST">
  <testcase classname="sevenMartPackage.AdminUsersTest" name="searchAnyUserMethodWithArgument" time="2.845"/>
  <testcase classname="sevenMartPackage.AdminUsersTest" name="searchAnyUser" time="0.0">
    <ignored/>
  </testcase> <!-- searchAnyUser -->
  <testcase classname="sevenMartPackage.AdminUsersTest" name="addNewUser" time="0.0">
    <ignored/>
  </testcase> <!-- addNewUser -->
</testsuite> <!-- ChromeTest -->
