<?xml version="1.0" encoding="UTF-8"?>
<!-- Generated by org.testng.reporters.JUnitXMLReporter -->
<testsuite ignored="1" hostname="BOOK-4QTRLAP57K" failures="0" tests="1" name="EdgeTest" time="7.143" errors="0" timestamp="2025-05-05T11:59:13 IST">
  <testcase classname="sevenMartPackage.ManageNewsTest" name="addNewsInManageNewsModule" time="2.342"/>
  <testcase classname="sevenMartPackage.ManageNewsTest" name="searchAnyNews" time="0.0">
    <ignored/>
  </testcase> <!-- searchAnyNews -->
</testsuite> <!-- EdgeTest -->
