<?xml version="1.0" encoding="UTF-8"?>
<!-- Generated by org.testng.reporters.JUnitXMLReporter -->
<testsuite ignored="2" hostname="BOOK-4QTRLAP57K" failures="2" tests="2" name="Grouping.xml" time="4.973" errors="0" timestamp="2025-05-07T12:01:45 IST">
  <testcase classname="sevenMartPackage.LoginPageTest" name="verifyUserLoginWithValidCredentials" time="0.017">
    <failure type="java.io.FileNotFoundException" message="C:\Users\shanu\eclipse-workspace\7rMartSupermarketProject\src\test\resources\TestData.xlsx (The system cannot find the path specified)">
      <![CDATA[java.io.FileNotFoundException: C:\Users\shanu\eclipse-workspace\7rMartSupermarketProject\src\test\resources\TestData.xlsx (The system cannot find the path specified)
at java.base/java.io.FileInputStream.open0(Native Method)
at java.base/java.io.FileInputStream.open(FileInputStream.java:219)
at java.base/java.io.FileInputStream.<init>(FileInputStream.java:159)
at java.base/java.io.FileInputStream.<init>(FileInputStream.java:112)
at utilities.ExcelUtility.getStringData(ExcelUtility.java:17)
at sevenMartPackage.LoginPageTest.verifyUserLoginWithValidCredentials(LoginPageTest.java:20)
at java.base/java.util.ArrayList.forEach(ArrayList.java:1597)
... Removed 25 stack frames]]>
    </failure>
  </testcase> <!-- verifyUserLoginWithValidCredentials -->
  <testcase classname="sevenMartPackage.LoginPageTest" name="verifyUserLoginWithValidUsernameAndInvalidPaswd" time="0.001">
    <failure type="java.io.FileNotFoundException" message="C:\Users\shanu\eclipse-workspace\7rMartSupermarketProject\src\test\resources\TestData.xlsx (The system cannot find the path specified)">
      <![CDATA[java.io.FileNotFoundException: C:\Users\shanu\eclipse-workspace\7rMartSupermarketProject\src\test\resources\TestData.xlsx (The system cannot find the path specified)
at java.base/java.io.FileInputStream.open0(Native Method)
at java.base/java.io.FileInputStream.open(FileInputStream.java:219)
at java.base/java.io.FileInputStream.<init>(FileInputStream.java:159)
at java.base/java.io.FileInputStream.<init>(FileInputStream.java:112)
at utilities.ExcelUtility.getStringData(ExcelUtility.java:17)
at sevenMartPackage.LoginPageTest.verifyUserLoginWithValidUsernameAndInvalidPaswd(LoginPageTest.java:34)
at java.base/java.util.ArrayList.forEach(ArrayList.java:1597)
... Removed 25 stack frames]]>
    </failure>
  </testcase> <!-- verifyUserLoginWithValidUsernameAndInvalidPaswd -->
  <testcase classname="sevenMartPackage.LoginPageTest" name="verifyUserLoginWithInvalidUsrnameAndValidPaswd" time="0.0">
    <ignored/>
  </testcase> <!-- verifyUserLoginWithInvalidUsrnameAndValidPaswd -->
  <testcase classname="sevenMartPackage.LoginPageTest" name="verifyUserLoginWithInvalidCredentials" time="0.0">
    <ignored/>
  </testcase> <!-- verifyUserLoginWithInvalidCredentials -->
</testsuite> <!-- Grouping.xml -->
