<?xml version="1.0" encoding="UTF-8"?>
<!-- Generated by org.testng.reporters.JUnitXMLReporter -->
<testsuite ignored="2" hostname="BOOK-4QTRLAP57K" failures="0" tests="2" name="Grouping.xml" time="7.216" errors="0" timestamp="2025-05-08T06:35:58 IST">
  <testcase classname="sevenMartPackage.LoginPageTest" name="verifyUserLoginWithValidCredentials" time="1.784"/>
  <testcase classname="sevenMartPackage.LoginPageTest" name="verifyUserLoginWithValidUsernameAndInvalidPaswd" time="0.573"/>
  <testcase classname="sevenMartPackage.LoginPageTest" name="verifyUserLoginWithInvalidUsrnameAndValidPaswd" time="0.0">
    <ignored/>
  </testcase> <!-- verifyUserLoginWithInvalidUsrnameAndValidPaswd -->
  <testcase classname="sevenMartPackage.LoginPageTest" name="verifyUserLoginWithInvalidCredentials" time="0.0">
    <ignored/>
  </testcase> <!-- verifyUserLoginWithInvalidCredentials -->
</testsuite> <!-- Grouping.xml -->
