<?xml version="1.0" encoding="UTF-8"?>
<testng-results ignored="2" total="4" passed="2" failed="0" skipped="0">
  <reporter-output>
  </reporter-output>
  <suite started-at="2025-05-08T05:38:56 IST" name="Suite" finished-at="2025-05-08T05:39:06 IST" duration-ms="10323">
    <groups>
    </groups>
    <test started-at="2025-05-08T05:38:56 IST" name="ChromeTest" finished-at="2025-05-08T05:39:01 IST" duration-ms="5637">
      <class name="sevenMartPackage.ManageNewsTest">
        <test-method is-config="true" signature="initializeBrowser(java.lang.String)[pri:0, instance:sevenMartPackage.ManageNewsTest@1b7cc17c]" started-at="2025-05-08T05:38:56 IST" name="initializeBrowser" finished-at="2025-05-08T05:38:58 IST" duration-ms="2465" status="PASS">
          <params>
            <param index="0">
              <value>
                <![CDATA[Chrome]]>
              </value>
            </param>
          </params>
          <reporter-output>
          </reporter-output>
        </test-method> <!-- initializeBrowser -->
        <test-method signature="addNewsInManageNewsModule()[pri:0, instance:sevenMartPackage.ManageNewsTest@1b7cc17c]" started-at="2025-05-08T05:38:58 IST" name="addNewsInManageNewsModule" description="Verify whether user is able to add news in ManageNews module" finished-at="2025-05-08T05:39:01 IST" duration-ms="3112" status="PASS">
          <reporter-output>
          </reporter-output>
        </test-method> <!-- addNewsInManageNewsModule -->
        <test-method is-config="true" signature="driverCloseAndQuit(org.testng.ITestResult)[pri:0, instance:sevenMartPackage.ManageNewsTest@1b7cc17c]" started-at="2025-05-08T05:39:01 IST" name="driverCloseAndQuit" finished-at="2025-05-08T05:39:01 IST" duration-ms="1" status="PASS">
          <params>
            <param index="0">
              <value>
                <![CDATA[[TestResult name=addNewsInManageNewsModule status=SUCCESS method=ManageNewsTest.addNewsInManageNewsModule()[pri:0, instance:sevenMartPackage.ManageNewsTest@1b7cc17c] output={null}]]]>
              </value>
            </param>
          </params>
          <reporter-output>
          </reporter-output>
        </test-method> <!-- driverCloseAndQuit -->
      </class> <!-- sevenMartPackage.ManageNewsTest -->
    </test> <!-- ChromeTest -->
    <test started-at="2025-05-08T05:39:01 IST" name="EdgeTest" finished-at="2025-05-08T05:39:06 IST" duration-ms="4662">
      <class name="sevenMartPackage.ManageNewsTest">
        <test-method is-config="true" signature="initializeBrowser(java.lang.String)[pri:0, instance:sevenMartPackage.ManageNewsTest@43bc63a3]" started-at="2025-05-08T05:39:01 IST" name="initializeBrowser" finished-at="2025-05-08T05:39:04 IST" duration-ms="2305" status="PASS">
          <params>
            <param index="0">
              <value>
                <![CDATA[Edge]]>
              </value>
            </param>
          </params>
          <reporter-output>
          </reporter-output>
        </test-method> <!-- initializeBrowser -->
        <test-method signature="addNewsInManageNewsModule()[pri:0, instance:sevenMartPackage.ManageNewsTest@43bc63a3]" started-at="2025-05-08T05:39:04 IST" name="addNewsInManageNewsModule" description="Verify whether user is able to add news in ManageNews module" finished-at="2025-05-08T05:39:06 IST" duration-ms="2330" status="PASS">
          <reporter-output>
          </reporter-output>
        </test-method> <!-- addNewsInManageNewsModule -->
        <test-method is-config="true" signature="driverCloseAndQuit(org.testng.ITestResult)[pri:0, instance:sevenMartPackage.ManageNewsTest@43bc63a3]" started-at="2025-05-08T05:39:06 IST" name="driverCloseAndQuit" finished-at="2025-05-08T05:39:06 IST" duration-ms="0" status="PASS">
          <params>
            <param index="0">
              <value>
                <![CDATA[[TestResult name=addNewsInManageNewsModule status=SUCCESS method=ManageNewsTest.addNewsInManageNewsModule()[pri:0, instance:sevenMartPackage.ManageNewsTest@43bc63a3] output={null}]]]>
              </value>
            </param>
          </params>
          <reporter-output>
          </reporter-output>
        </test-method> <!-- driverCloseAndQuit -->
      </class> <!-- sevenMartPackage.ManageNewsTest -->
    </test> <!-- EdgeTest -->
  </suite> <!-- Suite -->
</testng-results>
