<?xml version="1.0" encoding="UTF-8"?>
<testng-results ignored="2" total="3" passed="1" failed="0" skipped="0">
  <reporter-output>
  </reporter-output>
  <suite started-at="2025-05-09T11:42:37 IST" name="Suite" finished-at="2025-05-09T11:42:42 IST" duration-ms="5779">
    <groups>
    </groups>
    <test started-at="2025-05-09T11:42:37 IST" name="ChromeTest" finished-at="2025-05-09T11:42:42 IST" duration-ms="5779">
      <class name="sevenMartPackage.AdminUsersTest">
        <test-method is-config="true" signature="initializeBrowser(java.lang.String)[pri:0, instance:sevenMartPackage.AdminUsersTest@59662a0b]" started-at="2025-05-09T11:42:37 IST" name="initializeBrowser" finished-at="2025-05-09T11:42:40 IST" duration-ms="2876" status="PASS">
          <params>
            <param index="0">
              <value>
                <![CDATA[Chrome]]>
              </value>
            </param>
          </params>
          <reporter-output>
          </reporter-output>
        </test-method> <!-- initializeBrowser -->
        <test-method signature="searchAnyUserMethodWithArgument(java.lang.String)[pri:0, instance:sevenMartPackage.AdminUsersTest@59662a0b]" started-at="2025-05-09T11:42:40 IST" name="searchAnyUserMethodWithArgument" description="Verify whether user is able to search a user by passing an argument or parameter in  method" finished-at="2025-05-09T11:42:42 IST" duration-ms="2845" status="PASS">
          <params>
            <param index="0">
              <value>
                <![CDATA[Meenu]]>
              </value>
            </param>
          </params>
          <reporter-output>
          </reporter-output>
        </test-method> <!-- searchAnyUserMethodWithArgument -->
        <test-method is-config="true" signature="driverCloseAndQuit(org.testng.ITestResult)[pri:0, instance:sevenMartPackage.AdminUsersTest@59662a0b]" started-at="2025-05-09T11:42:42 IST" name="driverCloseAndQuit" finished-at="2025-05-09T11:42:42 IST" duration-ms="3" status="PASS">
          <params>
            <param index="0">
              <value>
                <![CDATA[[TestResult name=searchAnyUserMethodWithArgument status=SUCCESS method=AdminUsersTest.searchAnyUserMethodWithArgument(java.lang.String)[pri:0, instance:sevenMartPackage.AdminUsersTest@59662a0b] output={null}]]]>
              </value>
            </param>
          </params>
          <reporter-output>
          </reporter-output>
        </test-method> <!-- driverCloseAndQuit -->
      </class> <!-- sevenMartPackage.AdminUsersTest -->
    </test> <!-- ChromeTest -->
  </suite> <!-- Suite -->
</testng-results>
